<?xml version='1.0' encoding='UTF-8'?>
<testsuite hostname="rafael-acioly" name="GradeSchoolTest" tests="7" errors="0" failures="0" skipped="0" time="0.018" timestamp="2020-10-23T10:41:04">
                     <properties>
[...]
</properties>
                     <testcase classname="GradeSchoolTest" name="empty school" time="0.014">
                                                 
                                               </testcase><testcase classname="GradeSchoolTest" name="add student" time="0.001">
                                                 
                                               </testcase><testcase classname="GradeSchoolTest" name="add more students in same class" time="0.0">
                                                 
                                               </testcase><testcase classname="GradeSchoolTest" name="add students to different grades" time="0.0">
                                                 
                                               </testcase><testcase classname="GradeSchoolTest" name="get students in a grade" time="0.0">
                                                 
                                               </testcase><testcase classname="GradeSchoolTest" name="get students in a non-existent grade" time="0.0">
                                                 
                                               </testcase><testcase classname="GradeSchoolTest" name="sort school" time="0.003">
                                                 
                                               </testcase>
                     <system-out><![CDATA[]]></system-out>
                     <system-err><![CDATA[]]></system-err>
                   </testsuite>